<?xml version="1.0" encoding="UTF-8" ?>
<testsuite failures="0" time="255.404" errors="1" skipped="0" tests="3" name="org.wso2.carbon.tenant.mgt.test.TestRunner">
  <properties>
[...]
</properties>
  <testcase time="254.077" classname="org.wso2.carbon.tenant.mgt.test.TenantLoadTest" name="testAddTenant"/>
  <testcase time="0.081" classname="org.wso2.carbon.tenant.mgt.test.TenantLoadTest" name="testGetTenant"/>
  <testcase time="1.18" classname="org.wso2.carbon.tenant.mgt.test.TenantLoadTest" name="testLogin">
    <error message="cloud.private.wso2.com" type="org.apache.axis2.AxisFault">org.apache.axis2.AxisFault: cloud.private.wso2.com
	at org.apache.axis2.AxisFault.makeFault(AxisFault.java:430)
	at org.apache.axis2.transport.http.HTTPSender.sendViaPost(HTTPSender.java:197)
	at org.apache.axis2.transport.http.HTTPSender.send(HTTPSender.java:75)
	at org.apache.axis2.transport.http.CommonsHTTPTransportSender.writeMessageWithCommons(CommonsHTTPTransportSender.java:444)
	at org.apache.axis2.transport.http.CommonsHTTPTransportSender.invoke(CommonsHTTPTransportSender.java:271)
	at org.apache.axis2.engine.AxisEngine.send(AxisEngine.java:443)
	at org.apache.axis2.description.OutInAxisOperationClient.send(OutInAxisOperation.java:406)
	at org.apache.axis2.description.OutInAxisOperationClient.executeImpl(OutInAxisOperation.java:229)
	at org.apache.axis2.client.OperationClient.execute(OperationClient.java:165)
	at org.wso2.carbon.authenticator.proxy.AuthenticationAdminStub.login(AuthenticationAdminStub.java:313)
	at org.wso2.carbon.tenant.mgt.test.TenantLoadTest.testLogin(TenantLoadTest.java:84)
	at sun.reflect.NativeMethodAccessorImpl.invoke0(Native Method)
	at sun.reflect.NativeMethodAccessorImpl.invoke(NativeMethodAccessorImpl.java:39)
	at sun.reflect.DelegatingMethodAccessorImpl.invoke(DelegatingMethodAccessorImpl.java:25)
	at java.lang.reflect.Method.invoke(Method.java:597)
	at junit.framework.TestCase.runTest(TestCase.java:168)
	at junit.framework.TestCase.runBare(TestCase.java:134)
	at junit.framework.TestResult$1.protect(TestResult.java:110)
	at junit.framework.TestResult.runProtected(TestResult.java:128)
	at junit.framework.TestResult.run(TestResult.java:113)
	at junit.framework.TestCase.run(TestCase.java:124)
	at junit.framework.TestSuite.runTest(TestSuite.java:232)
	at junit.framework.TestSuite.run(TestSuite.java:227)
	at junit.framework.TestSuite.runTest(TestSuite.java:232)
	at junit.framework.TestSuite.run(TestSuite.java:227)
	at org.junit.internal.runners.JUnit38ClassRunner.run(JUnit38ClassRunner.java:83)
	at org.apache.maven.surefire.junit4.JUnit4TestSet.execute(JUnit4TestSet.java:62)
	at org.apache.maven.surefire.suite.AbstractDirectoryTestSuite.executeTestSet(AbstractDirectoryTestSuite.java:140)
	at org.apache.maven.surefire.suite.AbstractDirectoryTestSuite.execute(AbstractDirectoryTestSuite.java:127)
	at org.apache.maven.surefire.Surefire.run(Surefire.java:177)
	at sun.reflect.NativeMethodAccessorImpl.invoke0(Native Method)
	at sun.reflect.NativeMethodAccessorImpl.invoke(NativeMethodAccessorImpl.java:39)
	at sun.reflect.DelegatingMethodAccessorImpl.invoke(DelegatingMethodAccessorImpl.java:25)
	at java.lang.reflect.Method.invoke(Method.java:597)
	at org.apache.maven.surefire.booter.SurefireBooter.runSuitesInProcess(SurefireBooter.java:345)
	at org.apache.maven.surefire.booter.SurefireBooter.main(SurefireBooter.java:1009)
Caused by: java.net.UnknownHostException: cloud.private.wso2.com
	at java.net.PlainSocketImpl.connect(PlainSocketImpl.java:195)
	at java.net.SocksSocketImpl.connect(SocksSocketImpl.java:366)
	at java.net.Socket.connect(Socket.java:529)
	at com.sun.net.ssl.internal.ssl.SSLSocketImpl.connect(SSLSocketImpl.java:559)
	at com.sun.net.ssl.internal.ssl.SSLSocketImpl.&lt;init&gt;(SSLSocketImpl.java:401)
	at com.sun.net.ssl.internal.ssl.SSLSocketFactoryImpl.createSocket(SSLSocketFactoryImpl.java:123)
	at org.apache.commons.httpclient.protocol.SSLProtocolSocketFactory.createSocket(SSLProtocolSocketFactory.java:82)
	at org.apache.commons.httpclient.protocol.ControllerThreadSocketFactory$1.doit(ControllerThreadSocketFactory.java:91)
	at org.apache.commons.httpclient.protocol.ControllerThreadSocketFactory$SocketTask.run(ControllerThreadSocketFactory.java:158)
	at java.lang.Thread.run(Thread.java:662)
</error>
  </testcase>
</testsuite>