<?xml version="1.0" encoding="UTF-8" ?>
<testsuite failures="0" time="1,582.681" errors="0" skipped="0" tests="44" name="org.apache.synapse.samples.framework.TestSamplesHandlerSuite">
  <properties>
[...]
</properties>
  <testcase time="40.093" classname="org.apache.synapse.samples.framework.tests.message.Sample0" name="testSmartClientMode"/>
  <testcase time="35.209" classname="org.apache.synapse.samples.framework.tests.message.Sample0" name="testSynapseAsHTTPProxy"/>
  <testcase time="35.159" classname="org.apache.synapse.samples.framework.tests.message.Sample1" name="testDumbClientMode"/>
  <testcase time="35.159" classname="org.apache.synapse.samples.framework.tests.message.Sample2" name="testCBR"/>
  <testcase time="34.138" classname="org.apache.synapse.samples.framework.tests.message.Sample3" name="testLocalEntriesReusableEndPointsSequences"/>
  <testcase time="35.14" classname="org.apache.synapse.samples.framework.tests.message.Sample4" name="testErrorHandling"/>
  <testcase time="34.137" classname="org.apache.synapse.samples.framework.tests.message.Sample5" name="testCreateFaultAndChangeDirection"/>
  <testcase time="35.138" classname="org.apache.synapse.samples.framework.tests.message.Sample6" name="testManipulatingHeadersAndFiltering"/>
  <testcase time="35.129" classname="org.apache.synapse.samples.framework.tests.message.Sample7" name="testLocalRegEntriesAndSchemaValidation"/>
  <testcase time="34.128" classname="org.apache.synapse.samples.framework.tests.message.Sample8" name="testRegistryAndXSLTMediator"/>
  <testcase time="36.136" classname="org.apache.synapse.samples.framework.tests.message.Sample9" name="testDynamicSequences"/>
  <testcase time="35.3" classname="org.apache.synapse.samples.framework.tests.message.Sample10" name="testDynamicEndPoints"/>
  <testcase time="35.132" classname="org.apache.synapse.samples.framework.tests.message.Sample11" name="testFullRegistryBasedConfig"/>
  <testcase time="39.126" classname="org.apache.synapse.samples.framework.tests.message.Sample12" name="testFireAndForget"/>
  <testcase time="37.122" classname="org.apache.synapse.samples.framework.tests.message.Sample13" name="testDualQuote"/>
  <testcase time="37.143" classname="org.apache.synapse.samples.framework.tests.message.Sample15" name="testMessageEnrichment"/>
  <testcase time="40.179" classname="org.apache.synapse.samples.framework.tests.message.Sample16" name="testDynamicStaticKeys"/>
  <testcase time="35.124" classname="org.apache.synapse.samples.framework.tests.endpoint.Sample50" name="testRestToPox"/>
  <testcase time="36.125" classname="org.apache.synapse.samples.framework.tests.endpoint.Sample51" name="testMTOMOptimization"/>
  <testcase time="36.129" classname="org.apache.synapse.samples.framework.tests.endpoint.Sample51" name="testSWAOptimization"/>
  <testcase time="36.463" classname="org.apache.synapse.samples.framework.tests.endpoint.Sample52" name="testSessionLessLB"/>
  <testcase time="42.691" classname="org.apache.synapse.samples.framework.tests.endpoint.Sample53" name="testFailOver"/>
  <testcase time="35.368" classname="org.apache.synapse.samples.framework.tests.endpoint.Sample54" name="testSessionFullLB"/>
  <testcase time="40.588" classname="org.apache.synapse.samples.framework.tests.endpoint.Sample55" name="testSessionFullLBFailOver"/>
  <testcase time="34.146" classname="org.apache.synapse.samples.framework.tests.endpoint.Sample56" name="testSmartClientMode"/>
  <testcase time="38.344" classname="org.apache.synapse.samples.framework.tests.endpoint.Sample58" name="testStaticLB"/>
  <testcase time="38.35" classname="org.apache.synapse.samples.framework.tests.endpoint.Sample59" name="testSessionLessLB"/>
  <testcase time="35.382" classname="org.apache.synapse.samples.framework.tests.qos.Sample101" name="testWSRM"/>
  <testcase time="35.112" classname="org.apache.synapse.samples.framework.tests.proxy.Sample150" name="testBasicProxy"/>
  <testcase time="34.111" classname="org.apache.synapse.samples.framework.tests.proxy.Sample151" name="testCustomSequencesEndpointsWithProxy"/>
  <testcase time="34.119" classname="org.apache.synapse.samples.framework.tests.proxy.Sample152" name="testTransportAndFormatSwitching"/>
  <testcase time="36.379" classname="org.apache.synapse.samples.framework.tests.proxy.Sample154" name="testSessionFullLB"/>
  <testcase time="35.106" classname="org.apache.synapse.samples.framework.tests.proxy.Sample155" name="testDualQuote"/>
  <testcase time="35.108" classname="org.apache.synapse.samples.framework.tests.proxy.Sample157" name="testRoutingOnHttpHeader"/>
  <testcase time="35.111" classname="org.apache.synapse.samples.framework.tests.advanced.Sample350" name="testScriptMediationWithJS"/>
  <testcase time="34.102" classname="org.apache.synapse.samples.framework.tests.advanced.Sample351" name="testScriptMediationInLineJS"/>
  <testcase time="34.101" classname="org.apache.synapse.samples.framework.tests.advanced.Sample352" name="testAccesingAPIUsingScripting"/>
  <testcase time="37.105" classname="org.apache.synapse.samples.framework.tests.advanced.Sample370" name="testThrottling"/>
  <testcase time="35.154" classname="org.apache.synapse.samples.framework.tests.advanced.Sample371" name="testRestrictedThrottling"/>
  <testcase time="34.123" classname="org.apache.synapse.samples.framework.tests.advanced.Sample380" name="testCustomMediator"/>
  <testcase time="35.106" classname="org.apache.synapse.samples.framework.tests.advanced.Sample390" name="testXQuery"/>
  <testcase time="34.179" classname="org.apache.synapse.samples.framework.tests.advanced.Sample391" name="testExternalXQuery"/>
  <testcase time="36.145" classname="org.apache.synapse.samples.framework.tests.advanced.Sample420" name="testCache"/>
  <testcase time="35.117" classname="org.apache.synapse.samples.framework.tests.advanced.Sample450" name="testURLRewrite"/>
</testsuite>